<?xml version="1.0" encoding="UTF-8"?>
<!-- Generated by org.testng.reporters.JUnitXMLReporter -->
<testsuite ignored="0" hostname="DESKTOP-GJIICUT" failures="0" tests="2" name="Default test" time="0.053" errors="0" timestamp="2024-01-08T20:40:54 IST">
  <testcase classname="com.TestScripts.RegisterTest" name="Verify_Registrationfunctionality" time="0.0">
    <skipped/>
  </testcase> <!-- Verify_Registrationfunctionality -->
  <testcase classname="com.TestScripts.RegisterTest" name="Verify_Login" time="0.0">
    <skipped/>
  </testcase> <!-- Verify_Login -->
</testsuite> <!-- Default test -->
